#
# A fatal error has been detected by the Java Runtime Environment:
#
#  SIGSEGV (0xb) at pc=0x000000010124cad8, pid=65025, tid=0x0000000000004b07
#
# JRE version: Java(TM) SE Runtime Environment (8.0_131-b11) (build 1.8.0_131-b11)
# Java VM: Java HotSpot(TM) 64-Bit Server VM (25.131-b11 mixed mode bsd-amd64 compressed oops)
# Problematic frame:
# V  [libjvm.dylib+0x24cad8]  frame::sender(RegisterMap*) const+0x78
#
# Failed to write core dump. Core dumps have been disabled. To enable core dumping, try "ulimit -c unlimited" before starting Java again
#
# If you would like to submit a bug report, please visit:
#   http://bugreport.java.com/bugreport/crash.jsp
#

---------------  T H R E A D  ---------------

Current thread (0x00007fa97f017800):  JavaThread "JDWP Transport Listener: dt_socket" daemon [_thread_in_vm, id=19207, stack(0x000070000818e000,0x000070000828e000)]

siginfo: si_signo: 11 (SIGSEGV), si_code: 1 (SEGV_MAPERR), si_addr: 0x000001b8e5894855

Registers:
RAX=0x000001b8e5894855, RBX=0x000070000828ccd0, RCX=0xe589485590c35d00, RDX=0x0000000108139620
RSP=0x000070000828cc40, RBP=0x000070000828cc60, RSI=0x00007fa9811c5a18, RDI=0x00007fa9811c5a18
R8 =0x00007fa9811c5aa8, R9 =0x000070000828cd60, R10=0x00007000078a4e10, R11=0xfffff056870c72b8
R12=0x000070000828ccd0, R13=0x00007fa97f017800, R14=0x000070000828cd00, R15=0x00007fa9811c5a18
RIP=0x000000010124cad8, EFLAGS=0x0000000000010246, ERR=0x0000000000000004
  TRAPNO=0x000000000000000e

Top of Stack: (sp=0x000070000828cc40)
0x000070000828cc40:   000070000828cd00 00007fa97ef0d470
0x000070000828cc50:   000070000828ccd0 000070000828d2f0
0x000070000828cc60:   000070000828ccc0 000000010124b434
0x000070000828cc70:   000070000828ccb0 000000010124c7b8
0x000070000828cc80:   0000000000007fe8 000070000828cd50
0x000070000828cc90:   000070000828cd50 00007fa9811c5410
0x000070000828cca0:   00007fa97ef0d470 00007fa9811c5a10
0x000070000828ccb0:   000000000000035c 000070000828d2f0
0x000070000828ccc0:   000070000828d2c0 00000001015a9e06
0x000070000828ccd0:   0000000101451588 e589485590c35d00
0x000070000828cce0:   0000000000000000 0000000100000000
0x000070000828ccf0:   000001b8e5894855 0000000101451588
0x000070000828cd00:   0000000000000000 0000000000000000
0x000070000828cd10:   0000000000000000 0000000000000000
0x000070000828cd20:   0000000000000000 0000000000000000
0x000070000828cd30:   0000000000000000 0000000000000000
0x000070000828cd40:   0000000000000000 0000000000000000
0x000070000828cd50:   00007000078a4e10 00007000078a4e10
0x000070000828cd60:   0000000000000000 0000000000000000
0x000070000828cd70:   0000000000000000 0000000000000000
0x000070000828cd80:   0000000000000000 0000000000000000
0x000070000828cd90:   0000000000000000 0000000000000000
0x000070000828cda0:   0000000000000000 0000000000000000
0x000070000828cdb0:   0000000000000000 0000000000000000
0x000070000828cdc0:   0000000000000000 0000000000000000
0x000070000828cdd0:   0000000000000000 0000000000000000
0x000070000828cde0:   0000000000000000 0000000000000000
0x000070000828cdf0:   0000000000000000 0000000000000000
0x000070000828ce00:   0000000000000000 0000000000000000
0x000070000828ce10:   0000000000000000 0000000000000000
0x000070000828ce20:   0000000000000000 0000000000000000
0x000070000828ce30:   0000000000000000 0000000000000000 

Instructions: (pc=0x000000010124cad8)
0x000000010124cab8:   fc ff ff eb 77 49 83 7f 10 00 74 10 4c 89 e7 4c
0x000000010124cac8:   89 fe 4c 89 f2 e8 5e fd ff ff eb 60 49 8b 47 20
0x000000010124cad8:   48 8b 08 48 8b 78 08 48 83 c0 10 49 89 04 24 49
0x000000010124cae8:   89 44 24 28 49 89 4c 24 20 49 89 7c 24 08 e8 7b 

Register to memory mapping:

RAX=0x000001b8e5894855 is an unknown value
RBX=0x000070000828ccd0 is pointing into the stack for thread: 0x00007fa97f017800
RCX=0xe589485590c35d00 is an unknown value
RDX=0x0000000108139620 is an unknown value
RSP=0x000070000828cc40 is pointing into the stack for thread: 0x00007fa97f017800
RBP=0x000070000828cc60 is pointing into the stack for thread: 0x00007fa97f017800
RSI=0x00007fa9811c5a18 is an unknown value
RDI=0x00007fa9811c5a18 is an unknown value
R8 =0x00007fa9811c5aa8 is an unknown value
R9 =0x000070000828cd60 is pointing into the stack for thread: 0x00007fa97f017800
R10=0x00007000078a4e10 is pointing into the stack for thread: 0x00007fa97f800000
R11=0xfffff056870c72b8 is an unknown value
R12=0x000070000828ccd0 is pointing into the stack for thread: 0x00007fa97f017800
R13=0x00007fa97f017800 is a thread
R14=0x000070000828cd00 is pointing into the stack for thread: 0x00007fa97f017800
R15=0x00007fa9811c5a18 is an unknown value


Stack: [0x000070000818e000,0x000070000828e000],  sp=0x000070000828cc40,  free space=1019k
Native frames: (J=compiled Java code, j=interpreted, Vv=VM code, C=native code)
V  [libjvm.dylib+0x24cad8]  frame::sender(RegisterMap*) const+0x78
V  [libjvm.dylib+0x24b434]  frame::real_sender(RegisterMap*) const+0x1e
V  [libjvm.dylib+0x5a9e06]  vframe::sender() const+0x58
V  [libjvm.dylib+0x5a98ad]  vframe::java_sender() const+0x2d
V  [libjvm.dylib+0x38c9c6]  JvmtiEnvBase::vframeFor(JavaThread*, int)+0x5c
V  [libjvm.dylib+0x38cd3f]  JvmtiEnvBase::get_frame_location(JavaThread*, int, _jmethodID**, long*)+0x6f
V  [libjvm.dylib+0x38870e]  JvmtiEnv::GetFrameLocation(JavaThread*, int, _jmethodID**, long*)+0x50
V  [libjvm.dylib+0x35e213]  jvmti_GetFrameLocation+0x156
C  [libjdwp.dylib+0x88ce]  frames+0x1f5
C  [libjdwp.dylib+0xe780]  debugLoop_run+0x1ce
C  [libjdwp.dylib+0x1f606]  attachThread+0x4d
V  [libjvm.dylib+0x39af18]  JvmtiAgentThread::call_start_function()+0x38
V  [libjvm.dylib+0x56b87f]  JavaThread::thread_main_inner()+0x9b
V  [libjvm.dylib+0x56cf6c]  JavaThread::run()+0x1c2
V  [libjvm.dylib+0x48b376]  java_start(Thread*)+0xf6
C  [libsystem_pthread.dylib+0x36c1]  _pthread_body+0x154
C  [libsystem_pthread.dylib+0x356d]  _pthread_body+0x0
C  [libsystem_pthread.dylib+0x2c5d]  thread_start+0xd
C  0x0000000000000000


---------------  P R O C E S S  ---------------

Java Threads: ( => current thread )
  0x00007fa9812e9800 JavaThread "SIGTERM handler" daemon [_thread_blocked, id=14855, stack(0x0000700008394000,0x0000700008494000)]
  0x00007fa97f825800 JavaThread "Service Thread" daemon [_thread_blocked, id=15619, stack(0x00007000087a0000,0x00007000088a0000)]
  0x00007fa980009800 JavaThread "C1 CompilerThread2" daemon [_thread_blocked, id=15107, stack(0x000070000869d000,0x000070000879d000)]
  0x00007fa97f81a800 JavaThread "C2 CompilerThread1" daemon [_thread_blocked, id=17923, stack(0x000070000859a000,0x000070000869a000)]
  0x00007fa98000a800 JavaThread "C2 CompilerThread0" daemon [_thread_blocked, id=18435, stack(0x0000700008497000,0x0000700008597000)]
  0x00007fa97f819000 JavaThread "JDWP Event Helper Thread" daemon [_thread_blocked, id=14595, stack(0x0000700008291000,0x0000700008391000)]
=>0x00007fa97f017800 JavaThread "JDWP Transport Listener: dt_socket" daemon [_thread_in_vm, id=19207, stack(0x000070000818e000,0x000070000828e000)]
  0x00007fa97f802800 JavaThread "Finalizer" daemon [_thread_blocked, id=20995, stack(0x0000700007f88000,0x0000700008088000)]
  0x00007fa97f01a800 JavaThread "Reference Handler" daemon [_thread_blocked, id=21507, stack(0x0000700007e85000,0x0000700007f85000)]
  0x00007fa97f800000 JavaThread "main" [_thread_blocked, id=9731, stack(0x0000700007873000,0x0000700007973000)]

Other Threads:
  0x00007fa980856000 VMThread [stack: 0x0000700007d82000,0x0000700007e82000] [id=11779]

VM state:synchronizing (normal execution)

VM Mutex/Monitor currently owned by a thread:  ([mutex/lock_event])
[0x00007fa97ef0e9c0] Threads_lock - owner thread: 0x00007fa980856000

Heap:
 PSYoungGen      total 38400K, used 7987K [0x0000000795580000, 0x0000000798000000, 0x00000007c0000000)
  eden space 33280K, 24% used [0x0000000795580000,0x0000000795d4cdf0,0x0000000797600000)
  from space 5120K, 0% used [0x0000000797b00000,0x0000000797b00000,0x0000000798000000)
  to   space 5120K, 0% used [0x0000000797600000,0x0000000797600000,0x0000000797b00000)
 ParOldGen       total 87552K, used 0K [0x0000000740000000, 0x0000000745580000, 0x0000000795580000)
  object space 87552K, 0% used [0x0000000740000000,0x0000000740000000,0x0000000745580000)
 Metaspace       used 3474K, capacity 4562K, committed 4864K, reserved 1056768K
  class space    used 366K, capacity 386K, committed 512K, reserved 1048576K

Card table byte_map: [0x00000001023ac000,0x00000001027ad000] byte_map_base: 0x00000000fe9ac000

Marking Bits: (ParMarkBitMap*) 0x00000001018f1ea0
 Begin Bits: [0x0000000102a58000, 0x0000000104a58000)
 End Bits:   [0x0000000104a58000, 0x0000000106a58000)

Polling page: 0x00000001007a7000

CodeCache: size=245760Kb used=1488Kb max_used=1501Kb free=244271Kb
 bounds [0x00000001080f4000, 0x0000000108364000, 0x00000001170f4000]
 total_blobs=423 nmethods=177 adapters=168
 compilation: enabled

Compilation events (10 events):
Event: 0.277 Thread 0x00007fa97f81a800 nmethod 111 0x0000000108269850 code [0x00000001082699c0, 0x0000000108269b98]
Event: 0.277 Thread 0x00007fa97f81a800  176       4       java.math.MutableBigInteger::unsignedLongCompare (20 bytes)
Event: 0.277 Thread 0x00007fa97f81a800 nmethod 176 0x000000010825a410 code [0x000000010825a560, 0x000000010825a5d8]
Event: 0.277 Thread 0x00007fa97f81a800  162       4       java.math.BigInteger::<init> (38 bytes)
Event: 0.278 Thread 0x00007fa98000a800 nmethod 157 0x00000001082617d0 code [0x0000000108261980, 0x0000000108262858]
Event: 0.278 Thread 0x00007fa98000a800  105       4       java.lang.Integer::reverseBytes (26 bytes)
Event: 0.278 Thread 0x00007fa97f81a800 nmethod 162 0x000000010826a810 code [0x000000010826a960, 0x000000010826aa78]
Event: 0.278 Thread 0x00007fa97f81a800  163       4       java.lang.Integer::bitCount (49 bytes)
Event: 0.278 Thread 0x00007fa98000a800 nmethod 105 0x0000000108247e10 code [0x0000000108247f40, 0x0000000108247fb8]
Event: 0.278 Thread 0x00007fa97f81a800 nmethod 163 0x000000010826a5d0 code [0x000000010826a700, 0x000000010826a798]

GC Heap History (0 events):
No events

Deoptimization events (3 events):
Event: 0.205 Thread 0x00007fa97f800000 Uncommon trap: reason=unstable_if action=reinterpret pc=0x0000000108232264 method=java.math.BigInteger.intArrayCmpToLen([I[II)I @ 42
Event: 0.208 Thread 0x00007fa97f800000 Uncommon trap: reason=unstable_if action=reinterpret pc=0x000000010821d5b0 method=java.math.MutableBigInteger.divideOneWord(ILjava/math/MutableBigInteger;)I @ 88
Event: 0.247 Thread 0x00007fa97f800000 Uncommon trap: reason=unstable_if action=reinterpret pc=0x000000010824280c method=java.math.BigInteger.intArrayCmpToLen([I[II)I @ 42

Internal exceptions (3 events):
Event: 0.036 Thread 0x00007fa97f800000 Exception <a 'java/lang/NoSuchMethodError': Method sun.misc.Unsafe.defineClass(Ljava/lang/String;[BII)Ljava/lang/Class; name or signature does not match> (0x0000000795587ca8) thrown at [/Users/java_re/workspace/8-2-build-macosx-x86_64/jdk8u131/8869/hotspo
Event: 0.036 Thread 0x00007fa97f800000 Exception <a 'java/lang/NoSuchMethodError': Method sun.misc.Unsafe.prefetchRead(Ljava/lang/Object;J)V name or signature does not match> (0x0000000795587f90) thrown at [/Users/java_re/workspace/8-2-build-macosx-x86_64/jdk8u131/8869/hotspot/src/share/vm/pri
Event: 0.267 Thread 0x00007fa97f800000 Exception <a 'java/lang/StackOverflowError'> (0x0000000795bc2eb8) thrown at [/Users/java_re/workspace/8-2-build-macosx-x86_64/jdk8u131/8869/hotspot/src/share/vm/interpreter/interpreterRuntime.cpp, line 323]

Events (10 events):
Event: 30.306 Thread 0x00007fa98086d000 Thread exited: 0x00007fa98086d000
Event: 30.340 loading class sun/misc/Signal$1
Event: 30.341 loading class sun/misc/Signal$1 done
Event: 30.341 Thread 0x00007fa9812e9800 Thread added: 0x00007fa9812e9800
Event: 30.342 loading class java/lang/Shutdown
Event: 30.342 loading class java/lang/Shutdown done
Event: 30.342 loading class java/lang/Shutdown$Lock
Event: 30.342 loading class java/lang/Shutdown$Lock done
Event: 30.342 Thread 0x00007fa980840800 Thread exited: 0x00007fa980840800
Event: 30.343 Executing VM operation: Exit


Dynamic libraries:
0x0000000022d16000 	/System/Library/Frameworks/Cocoa.framework/Versions/A/Cocoa
0x0000000022d16000 	/System/Library/Frameworks/Security.framework/Versions/A/Security
0x0000000022d16000 	/System/Library/Frameworks/ApplicationServices.framework/Versions/A/ApplicationServices
0x0000000022d16000 	/usr/lib/libz.1.dylib
0x0000000022d16000 	/usr/lib/libSystem.B.dylib
0x0000000022d16000 	/usr/lib/libobjc.A.dylib
0x0000000022d16000 	/System/Library/Frameworks/CoreFoundation.framework/Versions/A/CoreFoundation
0x0000000022d16000 	/System/Library/Frameworks/Foundation.framework/Versions/C/Foundation
0x0000000022d16000 	/System/Library/Frameworks/AppKit.framework/Versions/C/AppKit
0x0000000022d16000 	/System/Library/Frameworks/CoreData.framework/Versions/A/CoreData
0x0000000022d16000 	/System/Library/PrivateFrameworks/RemoteViewServices.framework/Versions/A/RemoteViewServices
0x0000000022d16000 	/System/Library/PrivateFrameworks/UIFoundation.framework/Versions/A/UIFoundation
0x0000000022d16000 	/System/Library/PrivateFrameworks/DFRFoundation.framework/Versions/A/DFRFoundation
0x0000000022d16000 	/System/Library/Frameworks/Metal.framework/Versions/A/Metal
0x0000000022d16000 	/System/Library/PrivateFrameworks/DesktopServicesPriv.framework/Versions/A/DesktopServicesPriv
0x0000000022d16000 	/usr/lib/libenergytrace.dylib
0x0000000022d16000 	/System/Library/PrivateFrameworks/SkyLight.framework/Versions/A/SkyLight
0x0000000022d16000 	/System/Library/Frameworks/CoreGraphics.framework/Versions/A/CoreGraphics
0x0000000022d16000 	/usr/lib/libScreenReader.dylib
0x0000000022d16000 	/System/Library/Frameworks/Accelerate.framework/Versions/A/Accelerate
0x0000000022d16000 	/System/Library/Frameworks/IOSurface.framework/Versions/A/IOSurface
0x0000000022d16000 	/System/Library/Frameworks/AudioToolbox.framework/Versions/A/AudioToolbox
0x0000000022d16000 	/System/Library/Frameworks/AudioUnit.framework/Versions/A/AudioUnit
0x0000000022d16000 	/System/Library/PrivateFrameworks/DataDetectorsCore.framework/Versions/A/DataDetectorsCore
0x0000000022d16000 	/System/Library/Frameworks/Carbon.framework/Versions/A/Frameworks/HIToolbox.framework/Versions/A/HIToolbox
0x0000000022d16000 	/usr/lib/libicucore.A.dylib
0x0000000022d16000 	/System/Library/Frameworks/QuartzCore.framework/Versions/A/QuartzCore
0x0000000022d16000 	/System/Library/Frameworks/Carbon.framework/Versions/A/Frameworks/SpeechRecognition.framework/Versions/A/SpeechRecognition
0x0000000022d16000 	/usr/lib/libauto.dylib
0x0000000022d16000 	/usr/lib/libxml2.2.dylib
0x0000000022d16000 	/System/Library/PrivateFrameworks/CoreUI.framework/Versions/A/CoreUI
0x0000000022d16000 	/System/Library/Frameworks/CoreAudio.framework/Versions/A/CoreAudio
0x0000000022d16000 	/System/Library/Frameworks/DiskArbitration.framework/Versions/A/DiskArbitration
0x0000000022d16000 	/usr/lib/liblangid.dylib
0x0000000022d16000 	/System/Library/PrivateFrameworks/MultitouchSupport.framework/Versions/A/MultitouchSupport
0x0000000022d16000 	/System/Library/Frameworks/IOKit.framework/Versions/A/IOKit
0x0000000022d16000 	/usr/lib/libDiagnosticMessagesClient.dylib
0x0000000022d16000 	/System/Library/Frameworks/CoreServices.framework/Versions/A/CoreServices
0x0000000022d16000 	/System/Library/PrivateFrameworks/PerformanceAnalysis.framework/Versions/A/PerformanceAnalysis
0x0000000022d16000 	/System/Library/Frameworks/OpenGL.framework/Versions/A/OpenGL
0x0000000022d16000 	/System/Library/Frameworks/ColorSync.framework/Versions/A/ColorSync
0x0000000022d16000 	/System/Library/Frameworks/CoreImage.framework/Versions/A/CoreImage
0x0000000022d16000 	/System/Library/Frameworks/CoreText.framework/Versions/A/CoreText
0x0000000022d16000 	/System/Library/Frameworks/ImageIO.framework/Versions/A/ImageIO
0x0000000022d16000 	/System/Library/PrivateFrameworks/Backup.framework/Versions/A/Backup
0x0000000022d16000 	/usr/lib/libarchive.2.dylib
0x0000000022d16000 	/System/Library/Frameworks/CFNetwork.framework/Versions/A/CFNetwork
0x0000000022d16000 	/System/Library/Frameworks/SystemConfiguration.framework/Versions/A/SystemConfiguration
0x0000000022d16000 	/usr/lib/libCRFSuite.dylib
0x0000000022d16000 	/usr/lib/libc++.1.dylib
0x0000000022d16000 	/usr/lib/libc++abi.dylib
0x0000000022d16000 	/usr/lib/system/libcache.dylib
0x0000000022d16000 	/usr/lib/system/libcommonCrypto.dylib
0x0000000022d16000 	/usr/lib/system/libcompiler_rt.dylib
0x0000000022d16000 	/usr/lib/system/libcopyfile.dylib
0x0000000022d16000 	/usr/lib/system/libcorecrypto.dylib
0x0000000022d16000 	/usr/lib/system/libdispatch.dylib
0x0000000022d16000 	/usr/lib/system/libdyld.dylib
0x0000000022d16000 	/usr/lib/system/libkeymgr.dylib
0x0000000022d16000 	/usr/lib/system/liblaunch.dylib
0x0000000022d16000 	/usr/lib/system/libmacho.dylib
0x0000000022d16000 	/usr/lib/system/libquarantine.dylib
0x0000000022d16000 	/usr/lib/system/libremovefile.dylib
0x0000000022d16000 	/usr/lib/system/libsystem_asl.dylib
0x0000000022d16000 	/usr/lib/system/libsystem_blocks.dylib
0x0000000022d16000 	/usr/lib/system/libsystem_c.dylib
0x0000000022d16000 	/usr/lib/system/libsystem_configuration.dylib
0x0000000022d16000 	/usr/lib/system/libsystem_coreservices.dylib
0x0000000022d16000 	/usr/lib/system/libsystem_darwin.dylib
0x0000000022d16000 	/usr/lib/system/libsystem_dnssd.dylib
0x0000000022d16000 	/usr/lib/system/libsystem_info.dylib
0x0000000022d16000 	/usr/lib/system/libsystem_m.dylib
0x0000000022d16000 	/usr/lib/system/libsystem_malloc.dylib
0x0000000022d16000 	/usr/lib/system/libsystem_network.dylib
0x0000000022d16000 	/usr/lib/system/libsystem_networkextension.dylib
0x0000000022d16000 	/usr/lib/system/libsystem_notify.dylib
0x0000000022d16000 	/usr/lib/system/libsystem_sandbox.dylib
0x0000000022d16000 	/usr/lib/system/libsystem_secinit.dylib
0x0000000022d16000 	/usr/lib/system/libsystem_kernel.dylib
0x0000000022d16000 	/usr/lib/system/libsystem_platform.dylib
0x0000000022d16000 	/usr/lib/system/libsystem_pthread.dylib
0x0000000022d16000 	/usr/lib/system/libsystem_symptoms.dylib
0x0000000022d16000 	/usr/lib/system/libsystem_trace.dylib
0x0000000022d16000 	/usr/lib/system/libunwind.dylib
0x0000000022d16000 	/usr/lib/system/libxpc.dylib
0x0000000022d16000 	/usr/lib/closure/libclosured.dylib
0x0000000022d16000 	/usr/lib/libbsm.0.dylib
0x0000000022d16000 	/usr/lib/system/libkxld.dylib
0x0000000022d16000 	/usr/lib/libOpenScriptingUtil.dylib
0x0000000022d16000 	/usr/lib/libcoretls.dylib
0x0000000022d16000 	/usr/lib/libcoretls_cfhelpers.dylib
0x0000000022d16000 	/usr/lib/libpam.2.dylib
0x0000000022d16000 	/usr/lib/libsqlite3.dylib
0x0000000022d16000 	/usr/lib/libxar.1.dylib
0x0000000022d16000 	/usr/lib/libbz2.1.0.dylib
0x0000000022d16000 	/usr/lib/liblzma.5.dylib
0x0000000022d16000 	/usr/lib/libnetwork.dylib
0x0000000022d16000 	/usr/lib/libapple_nghttp2.dylib
0x0000000022d16000 	/usr/lib/libpcap.A.dylib
0x0000000022d16000 	/usr/lib/libboringssl.dylib
0x0000000022d16000 	/usr/lib/libusrtcp.dylib
0x0000000022d16000 	/usr/lib/libapple_crypto.dylib
0x0000000022d16000 	/System/Library/Frameworks/CoreServices.framework/Versions/A/Frameworks/FSEvents.framework/Versions/A/FSEvents
0x0000000022d16000 	/System/Library/Frameworks/CoreServices.framework/Versions/A/Frameworks/CarbonCore.framework/Versions/A/CarbonCore
0x0000000022d16000 	/System/Library/Frameworks/CoreServices.framework/Versions/A/Frameworks/Metadata.framework/Versions/A/Metadata
0x0000000022d16000 	/System/Library/Frameworks/CoreServices.framework/Versions/A/Frameworks/OSServices.framework/Versions/A/OSServices
0x0000000022d16000 	/System/Library/Frameworks/CoreServices.framework/Versions/A/Frameworks/SearchKit.framework/Versions/A/SearchKit
0x0000000022d16000 	/System/Library/Frameworks/CoreServices.framework/Versions/A/Frameworks/AE.framework/Versions/A/AE
0x0000000022d16000 	/System/Library/Frameworks/CoreServices.framework/Versions/A/Frameworks/LaunchServices.framework/Versions/A/LaunchServices
0x0000000022d16000 	/System/Library/Frameworks/CoreServices.framework/Versions/A/Frameworks/DictionaryServices.framework/Versions/A/DictionaryServices
0x0000000022d16000 	/System/Library/Frameworks/CoreServices.framework/Versions/A/Frameworks/SharedFileList.framework/Versions/A/SharedFileList
0x0000000022d16000 	/System/Library/Frameworks/NetFS.framework/Versions/A/NetFS
0x0000000022d16000 	/System/Library/PrivateFrameworks/NetAuth.framework/Versions/A/NetAuth
0x0000000022d16000 	/System/Library/PrivateFrameworks/login.framework/Versions/A/Frameworks/loginsupport.framework/Versions/A/loginsupport
0x0000000022d16000 	/System/Library/PrivateFrameworks/TCC.framework/Versions/A/TCC
0x0000000022d16000 	/usr/lib/libmecabra.dylib
0x0000000022d16000 	/System/Library/Frameworks/ApplicationServices.framework/Versions/A/Frameworks/ATS.framework/Versions/A/ATS
0x0000000022d16000 	/System/Library/Frameworks/ApplicationServices.framework/Versions/A/Frameworks/ColorSyncLegacy.framework/Versions/A/ColorSyncLegacy
0x0000000022d16000 	/System/Library/Frameworks/ApplicationServices.framework/Versions/A/Frameworks/HIServices.framework/Versions/A/HIServices
0x0000000022d16000 	/System/Library/Frameworks/ApplicationServices.framework/Versions/A/Frameworks/LangAnalysis.framework/Versions/A/LangAnalysis
0x0000000022d16000 	/System/Library/Frameworks/ApplicationServices.framework/Versions/A/Frameworks/PrintCore.framework/Versions/A/PrintCore
0x0000000022d16000 	/System/Library/Frameworks/ApplicationServices.framework/Versions/A/Frameworks/QD.framework/Versions/A/QD
0x0000000022d16000 	/System/Library/Frameworks/ApplicationServices.framework/Versions/A/Frameworks/SpeechSynthesis.framework/Versions/A/SpeechSynthesis
0x0000000022d16000 	/System/Library/Frameworks/CoreDisplay.framework/Versions/A/CoreDisplay
0x0000000022d16000 	/System/Library/Frameworks/Accelerate.framework/Versions/A/Frameworks/vImage.framework/Versions/A/vImage
0x0000000022d16000 	/System/Library/Frameworks/Accelerate.framework/Versions/A/Frameworks/vecLib.framework/Versions/A/vecLib
0x0000000022d16000 	/System/Library/Frameworks/Accelerate.framework/Versions/A/Frameworks/vecLib.framework/Versions/A/libvDSP.dylib
0x0000000022d16000 	/System/Library/Frameworks/Accelerate.framework/Versions/A/Frameworks/vecLib.framework/Versions/A/libBNNS.dylib
0x0000000022d16000 	/System/Library/Frameworks/Accelerate.framework/Versions/A/Frameworks/vecLib.framework/Versions/A/libQuadrature.dylib
0x0000000022d16000 	/System/Library/Frameworks/Accelerate.framework/Versions/A/Frameworks/vecLib.framework/Versions/A/libvMisc.dylib
0x0000000022d16000 	/System/Library/Frameworks/Accelerate.framework/Versions/A/Frameworks/vecLib.framework/Versions/A/libLAPACK.dylib
0x0000000022d16000 	/System/Library/Frameworks/Accelerate.framework/Versions/A/Frameworks/vecLib.framework/Versions/A/libBLAS.dylib
0x0000000022d16000 	/System/Library/Frameworks/Accelerate.framework/Versions/A/Frameworks/vecLib.framework/Versions/A/libLinearAlgebra.dylib
0x0000000022d16000 	/System/Library/Frameworks/Accelerate.framework/Versions/A/Frameworks/vecLib.framework/Versions/A/libSparse.dylib
0x0000000022d16000 	/System/Library/Frameworks/Accelerate.framework/Versions/A/Frameworks/vecLib.framework/Versions/A/libSparseBLAS.dylib
0x0000000022d16000 	/System/Library/PrivateFrameworks/IOAccelerator.framework/Versions/A/IOAccelerator
0x0000000022d16000 	/System/Library/PrivateFrameworks/IOPresentment.framework/Versions/A/IOPresentment
0x0000000022d16000 	/System/Library/PrivateFrameworks/DSExternalDisplay.framework/Versions/A/DSExternalDisplay
0x0000000022d16000 	/System/Library/Frameworks/OpenGL.framework/Versions/A/Libraries/libCoreFSCache.dylib
0x0000000022d16000 	/System/Library/Frameworks/CoreVideo.framework/Versions/A/CoreVideo
0x0000000022d16000 	/System/Library/PrivateFrameworks/GraphVisualizer.framework/Versions/A/GraphVisualizer
0x0000000022d16000 	/System/Library/Frameworks/MetalPerformanceShaders.framework/Versions/A/MetalPerformanceShaders
0x0000000022d16000 	/usr/lib/libFosl_dynamic.dylib
0x0000000022d16000 	/System/Library/PrivateFrameworks/FaceCore.framework/Versions/A/FaceCore
0x0000000022d16000 	/System/Library/Frameworks/OpenCL.framework/Versions/A/OpenCL
0x0000000022d16000 	/usr/lib/libcompression.dylib
0x0000000022d16000 	/System/Library/Frameworks/ApplicationServices.framework/Versions/A/Frameworks/ATS.framework/Versions/A/Resources/libFontParser.dylib
0x0000000022d16000 	/System/Library/Frameworks/ApplicationServices.framework/Versions/A/Frameworks/ATS.framework/Versions/A/Resources/libFontRegistry.dylib
0x0000000022d16000 	/System/Library/Frameworks/ImageIO.framework/Versions/A/Resources/libJPEG.dylib
0x0000000022d16000 	/System/Library/Frameworks/ImageIO.framework/Versions/A/Resources/libTIFF.dylib
0x0000000022d16000 	/System/Library/Frameworks/ImageIO.framework/Versions/A/Resources/libPng.dylib
0x0000000022d16000 	/System/Library/Frameworks/ImageIO.framework/Versions/A/Resources/libGIF.dylib
0x0000000022d16000 	/System/Library/Frameworks/ImageIO.framework/Versions/A/Resources/libJP2.dylib
0x0000000022d16000 	/System/Library/Frameworks/ImageIO.framework/Versions/A/Resources/libRadiance.dylib
0x0000000022d16000 	/System/Library/PrivateFrameworks/AppleJPEG.framework/Versions/A/AppleJPEG
0x0000000022d16000 	/System/Library/PrivateFrameworks/MetalTools.framework/Versions/A/MetalTools
0x0000000022d16000 	/System/Library/Frameworks/MetalPerformanceShaders.framework/Frameworks/MPSCore.framework/Versions/A/MPSCore
0x0000000022d16000 	/System/Library/Frameworks/MetalPerformanceShaders.framework/Frameworks/MPSImage.framework/Versions/A/MPSImage
0x0000000022d16000 	/System/Library/Frameworks/MetalPerformanceShaders.framework/Frameworks/MPSMatrix.framework/Versions/A/MPSMatrix
0x0000000022d16000 	/System/Library/Frameworks/MetalPerformanceShaders.framework/Frameworks/MPSNeuralNetwork.framework/Versions/A/MPSNeuralNetwork
0x0000000022d16000 	/System/Library/Frameworks/OpenGL.framework/Versions/A/Libraries/libGLU.dylib
0x0000000022d16000 	/System/Library/Frameworks/OpenGL.framework/Versions/A/Libraries/libGFXShared.dylib
0x0000000022d16000 	/System/Library/Frameworks/OpenGL.framework/Versions/A/Libraries/libGL.dylib
0x0000000022d16000 	/System/Library/Frameworks/OpenGL.framework/Versions/A/Libraries/libGLImage.dylib
0x0000000022d16000 	/System/Library/Frameworks/OpenGL.framework/Versions/A/Libraries/libCVMSPluginSupport.dylib
0x0000000022d16000 	/System/Library/Frameworks/OpenGL.framework/Versions/A/Libraries/libCoreVMClient.dylib
0x0000000022d16000 	/usr/lib/libcups.2.dylib
0x0000000022d16000 	/System/Library/Frameworks/Kerberos.framework/Versions/A/Kerberos
0x0000000022d16000 	/System/Library/Frameworks/GSS.framework/Versions/A/GSS
0x0000000022d16000 	/usr/lib/libresolv.9.dylib
0x0000000022d16000 	/usr/lib/libiconv.2.dylib
0x0000000022d16000 	/System/Library/PrivateFrameworks/Heimdal.framework/Versions/A/Heimdal
0x0000000022d16000 	/usr/lib/libheimdal-asn1.dylib
0x0000000022d16000 	/System/Library/Frameworks/OpenDirectory.framework/Versions/A/OpenDirectory
0x0000000022d16000 	/System/Library/PrivateFrameworks/CommonAuth.framework/Versions/A/CommonAuth
0x0000000022d16000 	/System/Library/Frameworks/OpenDirectory.framework/Versions/A/Frameworks/CFOpenDirectory.framework/Versions/A/CFOpenDirectory
0x0000000022d16000 	/System/Library/Frameworks/SecurityFoundation.framework/Versions/A/SecurityFoundation
0x0000000022d16000 	/System/Library/PrivateFrameworks/APFS.framework/Versions/A/APFS
0x0000000022d16000 	/usr/lib/libutil.dylib
0x0000000022d16000 	/System/Library/PrivateFrameworks/AppleSauce.framework/Versions/A/AppleSauce
0x0000000022d16000 	/System/Library/PrivateFrameworks/LinguisticData.framework/Versions/A/LinguisticData
0x0000000022d16000 	/usr/lib/libmarisa.dylib
0x0000000022d16000 	/System/Library/PrivateFrameworks/Lexicon.framework/Versions/A/Lexicon
0x0000000022d16000 	/usr/lib/libChineseTokenizer.dylib
0x0000000022d16000 	/usr/lib/libcmph.dylib
0x0000000022d16000 	/System/Library/PrivateFrameworks/LanguageModeling.framework/Versions/A/LanguageModeling
0x0000000022d16000 	/System/Library/PrivateFrameworks/CoreEmoji.framework/Versions/A/CoreEmoji
0x0000000022d16000 	/System/Library/Frameworks/ServiceManagement.framework/Versions/A/ServiceManagement
0x0000000022d16000 	/System/Library/PrivateFrameworks/BackgroundTaskManagement.framework/Versions/A/BackgroundTaskManagement
0x0000000022d16000 	/usr/lib/libxslt.1.dylib
0x0000000022d16000 	/System/Library/Frameworks/Carbon.framework/Versions/A/Frameworks/Ink.framework/Versions/A/Ink
0x0000000022d16000 	/System/Library/PrivateFrameworks/TextureIO.framework/Versions/A/TextureIO
0x0000000022d16000 	/usr/lib/libate.dylib
0x0000000022d16000 	/System/Library/PrivateFrameworks/CrashReporterSupport.framework/Versions/A/CrashReporterSupport
0x0000000022d16000 	/System/Library/PrivateFrameworks/Sharing.framework/Versions/A/Sharing
0x0000000022d16000 	/System/Library/PrivateFrameworks/IconServices.framework/Versions/A/IconServices
0x0000000022d16000 	/System/Library/PrivateFrameworks/ProtocolBuffer.framework/Versions/A/ProtocolBuffer
0x0000000022d16000 	/System/Library/PrivateFrameworks/Apple80211.framework/Versions/A/Apple80211
0x0000000022d16000 	/System/Library/Frameworks/CoreWLAN.framework/Versions/A/CoreWLAN
0x0000000022d16000 	/System/Library/PrivateFrameworks/CoreUtils.framework/Versions/A/CoreUtils
0x0000000022d16000 	/System/Library/Frameworks/IOBluetooth.framework/Versions/A/IOBluetooth
0x0000000022d16000 	/System/Library/PrivateFrameworks/CoreWiFi.framework/Versions/A/CoreWiFi
0x0000000022d16000 	/System/Library/Frameworks/CoreBluetooth.framework/Versions/A/CoreBluetooth
0x0000000022d16000 	/System/Library/PrivateFrameworks/SignpostNotification.framework/Versions/A/SignpostNotification
0x0000000022d16000 	/System/Library/PrivateFrameworks/DebugSymbols.framework/Versions/A/DebugSymbols
0x0000000022d16000 	/System/Library/PrivateFrameworks/CoreSymbolication.framework/Versions/A/CoreSymbolication
0x0000000022d16000 	/System/Library/PrivateFrameworks/Symbolication.framework/Versions/A/Symbolication
0x0000000022d16000 	/System/Library/PrivateFrameworks/AppleFSCompression.framework/Versions/A/AppleFSCompression
0x0000000022d16000 	/System/Library/PrivateFrameworks/SpeechRecognitionCore.framework/Versions/A/SpeechRecognitionCore
0x0000000022d16000 	/System/Library/CoreServices/Encodings/libKoreanConverter.dylib
0x0000000101000000 	/Library/Java/JavaVirtualMachines/jdk1.8.0_131.jdk/Contents/Home/jre/lib/server/libjvm.dylib
0x0000000022d16000 	/usr/lib/libstdc++.6.0.9.dylib
0x0000000100764000 	/Library/Java/JavaVirtualMachines/jdk1.8.0_131.jdk/Contents/Home/jre/lib/libverify.dylib
0x0000000100772000 	/Library/Java/JavaVirtualMachines/jdk1.8.0_131.jdk/Contents/Home/jre/lib/libjava.dylib
0x00000001007a8000 	/Library/Java/JavaVirtualMachines/jdk1.8.0_131.jdk/Contents/Home/jre/lib/libjdwp.dylib
0x00000001007f3000 	/Library/Java/JavaVirtualMachines/jdk1.8.0_131.jdk/Contents/Home/jre/lib/libnpt.dylib
0x0000000101fe3000 	/Library/Java/JavaVirtualMachines/jdk1.8.0_131.jdk/Contents/Home/jre/lib/libzip.dylib
0x0000000022d16000 	/System/Library/Frameworks/JavaVM.framework/Versions/A/Frameworks/JavaRuntimeSupport.framework/Versions/A/JavaRuntimeSupport
0x0000000022d16000 	/System/Library/Frameworks/JavaVM.framework/Versions/A/Frameworks/JavaNativeFoundation.framework/Versions/A/JavaNativeFoundation
0x0000000022d16000 	/System/Library/Frameworks/JavaVM.framework/Versions/A/JavaVM
0x0000000022d16000 	/System/Library/Frameworks/Carbon.framework/Versions/A/Carbon
0x0000000022d16000 	/System/Library/PrivateFrameworks/JavaLaunching.framework/Versions/A/JavaLaunching
0x0000000022d16000 	/System/Library/Frameworks/Carbon.framework/Versions/A/Frameworks/CommonPanels.framework/Versions/A/CommonPanels
0x0000000022d16000 	/System/Library/Frameworks/Carbon.framework/Versions/A/Frameworks/Help.framework/Versions/A/Help
0x0000000022d16000 	/System/Library/Frameworks/Carbon.framework/Versions/A/Frameworks/ImageCapture.framework/Versions/A/ImageCapture
0x0000000022d16000 	/System/Library/Frameworks/Carbon.framework/Versions/A/Frameworks/OpenScripting.framework/Versions/A/OpenScripting
0x0000000022d16000 	/System/Library/Frameworks/Carbon.framework/Versions/A/Frameworks/Print.framework/Versions/A/Print
0x0000000022d16000 	/System/Library/Frameworks/Carbon.framework/Versions/A/Frameworks/SecurityHI.framework/Versions/A/SecurityHI
0x00000001193b9000 	/Library/Java/JavaVirtualMachines/jdk1.8.0_131.jdk/Contents/Home/jre/lib/libdt_socket.dylib

VM Arguments:
jvm_args: -agentlib:jdwp=transport=dt_socket,suspend=y,address=localhost:62845 -Dfile.encoding=UTF-8 -Xbootclasspath:/Library/Java/JavaVirtualMachines/jdk1.8.0_131.jdk/Contents/Home/jre/lib/resources.jar:/Library/Java/JavaVirtualMachines/jdk1.8.0_131.jdk/Contents/Home/jre/lib/rt.jar:/Library/Java/JavaVirtualMachines/jdk1.8.0_131.jdk/Contents/Home/jre/lib/jsse.jar:/Library/Java/JavaVirtualMachines/jdk1.8.0_131.jdk/Contents/Home/jre/lib/jce.jar:/Library/Java/JavaVirtualMachines/jdk1.8.0_131.jdk/Contents/Home/jre/lib/charsets.jar:/Library/Java/JavaVirtualMachines/jdk1.8.0_131.jdk/Contents/Home/jre/lib/jfr.jar 
java_command: com.java.sample.zcustom.RSAEncoder
java_class_path (initial): /Library/Java/JavaVirtualMachines/jdk1.8.0_131.jdk/Contents/Home/jre/lib/resources.jar:/Library/Java/JavaVirtualMachines/jdk1.8.0_131.jdk/Contents/Home/jre/lib/rt.jar:/Library/Java/JavaVirtualMachines/jdk1.8.0_131.jdk/Contents/Home/jre/lib/jsse.jar:/Library/Java/JavaVirtualMachines/jdk1.8.0_131.jdk/Contents/Home/jre/lib/jce.jar:/Library/Java/JavaVirtualMachines/jdk1.8.0_131.jdk/Contents/Home/jre/lib/charsets.jar:/Library/Java/JavaVirtualMachines/jdk1.8.0_131.jdk/Contents/Home/jre/lib/jfr.jar:/Users/minu/git/example-code/java-sample/bin
Launcher Type: SUN_STANDARD

Environment Variables:
PATH=/usr/bin:/bin:/usr/sbin:/sbin
SHELL=/bin/bash

Signal Handlers:
SIGSEGV: [libjvm.dylib+0x5b1eb1], sa_mask[0]=11111111011111110111111111111111, sa_flags=SA_ONSTACK|SA_RESTART|SA_SIGINFO
SIGBUS: [libjvm.dylib+0x5b1eb1], sa_mask[0]=11111111011111110111111111111111, sa_flags=SA_RESTART|SA_SIGINFO
SIGFPE: [libjvm.dylib+0x488988], sa_mask[0]=11111111011111110111111111111111, sa_flags=SA_RESTART|SA_SIGINFO
SIGPIPE: [libjvm.dylib+0x488988], sa_mask[0]=11111111011111110111111111111111, sa_flags=SA_RESTART|SA_SIGINFO
SIGXFSZ: [libjvm.dylib+0x488988], sa_mask[0]=11111111011111110111111111111111, sa_flags=SA_RESTART|SA_SIGINFO
SIGILL: [libjvm.dylib+0x488988], sa_mask[0]=11111111011111110111111111111111, sa_flags=SA_RESTART|SA_SIGINFO
SIGUSR1: SIG_DFL, sa_mask[0]=00000000000000000000000000000000, sa_flags=none
SIGUSR2: [libjvm.dylib+0x4884a6], sa_mask[0]=00100000000000000000000000000000, sa_flags=SA_RESTART|SA_SIGINFO
SIGHUP: [libjvm.dylib+0x486a7d], sa_mask[0]=11111111011111110111111111111111, sa_flags=SA_RESTART|SA_SIGINFO
SIGINT: [libjvm.dylib+0x486a7d], sa_mask[0]=11111111011111110111111111111111, sa_flags=SA_RESTART|SA_SIGINFO
SIGTERM: [libjvm.dylib+0x486a7d], sa_mask[0]=11111111011111110111111111111111, sa_flags=SA_RESTART|SA_SIGINFO
SIGQUIT: [libjvm.dylib+0x486a7d], sa_mask[0]=11111111011111110111111111111111, sa_flags=SA_RESTART|SA_SIGINFO


---------------  S Y S T E M  ---------------

OS:Bsduname:Darwin 17.3.0 Darwin Kernel Version 17.3.0: Thu Nov  9 18:09:22 PST 2017; root:xnu-4570.31.3~1/RELEASE_X86_64 x86_64
rlimit: STACK 8192k, CORE 0k, NPROC 709, NOFILE 10240, AS infinity
load average:2.07 2.16 2.19

CPU:total 4 (initial active 4) (2 cores per cpu, 2 threads per core) family 6 model 142 stepping 9, cmov, cx8, fxsr, mmx, sse, sse2, sse3, ssse3, sse4.1, sse4.2, popcnt, avx, avx2, aes, clmul, erms, rtm, 3dnowpref, lzcnt, ht, tsc, tscinvbit, bmi1, bmi2, adx

Memory: 4k page, physical 8388608k(232492k free)

/proc/meminfo:


vm_info: Java HotSpot(TM) 64-Bit Server VM (25.131-b11) for bsd-amd64 JRE (1.8.0_131-b11), built on Mar 15 2017 01:32:22 by "java_re" with gcc 4.2.1 (Based on Apple Inc. build 5658) (LLVM build 2336.11.00)

time: Mon Jan 29 14:20:41 2018
elapsed time: 30 seconds (0d 0h 0m 30s)

